  Source.cpp
C:\Users\egert\OneDrive\Desktop\Dev\Git\GraphGen\GraphGen\Source.cpp(40,53): warning C4244: 'argument': conversion from 'T' to 'T', possible loss of data
          with
          [
              T=unsigned int
          ]
          and
          [
              T=float
          ]
C:\Users\egert\OneDrive\Desktop\Dev\Git\GraphGen\GraphGen\Source.cpp(41,56): warning C4244: 'argument': conversion from 'T' to 'T', possible loss of data
          with
          [
              T=unsigned int
          ]
          and
          [
              T=float
          ]
C:\Users\egert\OneDrive\Desktop\Dev\Git\GraphGen\GraphGen\Source.cpp(43,56): warning C4244: 'argument': conversion from 'T' to 'T', possible loss of data
          with
          [
              T=unsigned int
          ]
          and
          [
              T=float
          ]
C:\Users\egert\OneDrive\Desktop\Dev\Git\GraphGen\GraphGen\Source.cpp(44,53): warning C4244: 'argument': conversion from 'T' to 'T', possible loss of data
          with
          [
              T=unsigned int
          ]
          and
          [
              T=float
          ]
  LINK : C:\Users\egert\OneDrive\Desktop\Dev\Git\GraphGen\x64\Debug\GraphGen.exe not found or not built by the last incremental link; performing full link
  GraphGen.vcxproj -> C:\Users\egert\OneDrive\Desktop\Dev\Git\GraphGen\x64\Debug\GraphGen.exe
